05/12/2023 13:29 | Metrics | 0h 8m 14s
05/12/2023 13:49 | Metrics | 0h 7m 52s
05/12/2023 13:59 | Metrics | 0h 2m 57s
05/12/2023 14:14 | Metrics | 0h 2m 15s
05/12/2023 14:22 | Metrics | 0h 2m 17s
05/12/2023 14:32 | Metrics | 0h 2m 35s
05/12/2023 14:39 | Metrics | 0h 2m 38s
05/12/2023 14:44 | Metrics | 0h 2m 13s
05/12/2023 14:56 | Metrics | 0h 2m 10s
05/12/2023 15:57 | Metrics | 0h 2m 45s
05/12/2023 16:16 | Metrics | 0h 2m 17s
05/12/2023 19:06 | Metrics | 0h 2m 57s
05/15/2023 17:12 | Metrics | 0h 2m 7s
05/16/2023 19:55 | Metrics | 0h 2m 5s
05/16/2023 20:34 | Metrics | 0h 0m 11s
05/16/2023 20:40 | Metrics | 0h 3m 3s
05/16/2023 20:41 | Metrics | 0h 0m 8s
05/19/2023 11:14 | example_volumes_simple | 0h 0m 32s
05/19/2023 11:18 | example_volumes_simple | 0h 0m 26s
05/19/2023 11:27 | example_volumes_advanced | 0h 1m 18s
05/19/2023 13:27 | Metrics | 0h 2m 42s
05/19/2023 14:03 | Metrics | 0h 3m 27s
05/19/2023 15:06 | Metrics | 0h 2m 54s
05/19/2023 15:28 | Metrics | 0h 2m 21s
05/19/2023 15:33 | Metrics | 0h 2m 19s
05/19/2023 15:36 | Metrics | 0h 1m 2s
05/19/2023 15:38 | Metrics | 0h 1m 13s
05/19/2023 15:47 | Metrics | 0h 1m 21s
05/19/2023 17:54 | Metrics | 2h 5m 52s
05/21/2023 17:59 | Metrics | 0h 11m 40s
05/21/2023 18:21 | Metrics | 0h 17m 5s
05/24/2023 15:33 | Metrics | 0h 16m 21s
05/24/2023 15:53 | Metrics | 0h 6m 8s
05/24/2023 16:58 | Metrics | 0h 6m 16s
05/25/2023 14:09 | Metrics | 0h 9m 2s
05/25/2023 14:19 | Metrics | 0h 6m 24s
05/25/2023 14:33 | Metrics | 0h 11m 6s
05/25/2023 15:48 | Metrics | 0h 52m 16s
09/16/2023 19:36 | Office | 0h 31m 40s
09/16/2023 21:03 | Office | 1h 23m 19s
09/17/2023 18:51 | Tutorial 2 | 0h 0m 25s
09/17/2023 18:56 | Tutorial 2 | 0h 0m 24s
09/17/2023 18:58 | Tutorial 2 | 0h 0m 25s
09/17/2023 19:12 | Tutorial 2 | 0h 0m 45s
09/17/2023 19:13 | Tutorial 2 | 0h 0m 47s
09/17/2023 19:15 | Tutorial 2 | 0h 0m 43s
09/17/2023 19:16 | Tutorial 2 | 0h 0m 46s
09/17/2023 19:18 | Tutorial 2 | 0h 0m 48s
09/17/2023 19:19 | Tutorial 2 | 0h 0m 40s
09/17/2023 19:21 | Tutorial 2 | 0h 0m 40s
09/17/2023 19:22 | Tutorial 2 | 0h 0m 39s
09/17/2023 19:23 | Tutorial 2 | 0h 0m 40s
09/17/2023 19:26 | Tutorial 2 | 0h 0m 46s
09/17/2023 19:27 | Tutorial 2 | 0h 0m 43s
09/17/2023 19:29 | Tutorial 2 | 0h 0m 53s
09/17/2023 19:31 | Tutorial 2 | 0h 1m 0s
09/17/2023 20:00 | Tutorial 2 | 0h 0m 47s
09/17/2023 20:01 | Tutorial 2 | 0h 0m 52s
09/17/2023 20:03 | Tutorial 2 | 0h 0m 52s
09/17/2023 20:04 | Tutorial 2 | 0h 0m 47s
09/17/2023 20:21 | Tutorial 2 | 0h 0m 43s
09/17/2023 20:23 | Tutorial 2 | 0h 0m 53s
09/17/2023 20:24 | Tutorial 2 | 0h 0m 45s
09/17/2023 20:27 | Tutorial 2 | 0h 0m 41s
09/17/2023 20:29 | Tutorial 2 | 0h 0m 46s
09/17/2023 20:30 | Tutorial 2 | 0h 0m 44s
09/17/2023 20:33 | Tutorial 2 | 0h 0m 56s
09/17/2023 20:43 | Tutorial 2 | 0h 0m 48s
09/17/2023 20:51 | Tutorial 2 | 0h 0m 42s
09/17/2023 20:54 | Tutorial 2 | 0h 0m 46s
09/17/2023 21:13 | Tutorial 2 | 0h 0m 50s
09/17/2023 23:29 | Tutorial 2 | 0h 1m 15s
09/18/2023 00:09 | Tutorial 2 | 0h 1m 39s
09/18/2023 10:36 | Tutorial 2 | 0h 1m 39s
09/18/2023 11:03 | Tutorial 2 | 0h 1m 27s
09/18/2023 11:07 | Tutorial 2 | 0h 1m 26s
09/18/2023 11:10 | Tutorial 2 | 0h 1m 25s
09/18/2023 11:14 | Tutorial 2 | 0h 1m 24s
09/18/2023 11:19 | Tutorial 2 | 0h 1m 29s
09/18/2023 11:22 | Tutorial 2 | 0h 1m 24s
09/18/2023 11:29 | Tutorial 2 | 0h 1m 38s
09/18/2023 11:35 | Tutorial 2 | 0h 1m 53s
09/18/2023 11:44 | Tutorial 2 | 0h 1m 52s
09/18/2023 11:48 | Tutorial 2 | 0h 1m 36s
09/18/2023 11:54 | Tutorial 2 | 0h 1m 49s
09/18/2023 12:00 | Tutorial 2 | 0h 1m 26s
09/18/2023 12:03 | Tutorial 2 | 0h 1m 13s
09/18/2023 12:08 | Tutorial 2 | 0h 1m 32s
09/18/2023 12:14 | Tutorial 2 | 0h 1m 36s
09/18/2023 12:16 | Tutorial 2 | 0h 1m 29s
09/18/2023 12:19 | Tutorial 2 | 0h 1m 28s
09/18/2023 12:20 | Tutorial 2 | 0h 1m 13s
09/18/2023 12:23 | Tutorial 2 | 0h 1m 31s
09/18/2023 12:29 | Tutorial 2 | 0h 1m 28s
09/18/2023 12:38 | Tutorial 2 | 0h 1m 45s
09/18/2023 12:39 | Tutorial 2 | 0h 1m 14s
09/18/2023 14:27 | Tutorial 2 | 0h 1m 44s
09/18/2023 14:45 | Tutorial 2 | 0h 1m 46s
09/18/2023 14:55 | Tutorial 2 | 0h 1m 40s
09/18/2023 15:17 | Tutorial 2 | 0h 1m 55s
09/18/2023 15:21 | Tutorial 2 | 0h 1m 46s
09/18/2023 15:29 | Tutorial 2 | 0h 1m 46s
09/19/2023 21:17 | Tutorial 2 | 0h 2m 30s
09/19/2023 21:22 | Tutorial 2 | 0h 2m 31s
09/19/2023 21:30 | Tutorial 2 | 0h 2m 45s
09/19/2023 21:49 | Tutorial 2 | 0h 2m 40s
09/19/2023 21:55 | Tutorial 2 | 0h 2m 40s
09/19/2023 22:08 | Tutorial 2 | 0h 4m 19s
09/19/2023 22:17 | Tutorial 2 | 0h 4m 48s
09/19/2023 22:28 | Tutorial 2 | 0h 4m 44s
09/19/2023 22:43 | Tutorial 2 | 0h 3m 41s
09/19/2023 23:00 | Tutorial 2 | 0h 4m 23s
09/19/2023 23:17 | Tutorial 2 | 0h 4m 39s
09/19/2023 23:56 | Tutorial 2 | 0h 5m 14s
09/20/2023 17:53 | Tutorial 2 | 0h 5m 15s
09/22/2023 12:40 | Office | 1h 39m 56s
09/22/2023 16:06 | Tutorial 2 | 0h 5m 37s
09/28/2023 12:48 | Tutorial 2 | 0h 4m 58s
09/29/2023 16:55 | Tutorial 2 | 0h 4m 59s
10/01/2023 21:12 | Tutorial 2 | 0h 5m 10s
